<?xml version="1.0" encoding="UTF-8"?>
<testng-results skipped="0" failed="0" total="3" passed="3">
  <reporter-output>
  </reporter-output>
  <suite name="Suite1" duration-ms="14724" started-at="2016-10-27T03:24:00Z" finished-at="2016-10-27T03:24:15Z">
    <groups>
    </groups>
    <test name="test1" duration-ms="10223" started-at="2016-10-27T03:24:00Z" finished-at="2016-10-27T03:24:10Z">
      <class name="com.test.NewTest">
        <test-method status="PASS" signature="setUp(java.lang.String, java.lang.String)[pri:0, instance:com.test.NewTest@ba4d54]" name="setUp" is-config="true" duration-ms="2051" started-at="2016-10-27T11:24:00Z" finished-at="2016-10-27T11:24:02Z">
          <params>
            <param index="0">
              <value>
                <![CDATA[chrome]]>
              </value>
            </param>
            <param index="1">
              <value>
                <![CDATA[http://192.168.2.106:5555]]>
              </value>
            </param>
          </params>
          <reporter-output>
          </reporter-output>
        </test-method> <!-- setUp -->
        <test-method status="PASS" signature="f()[pri:0, instance:com.test.NewTest@ba4d54]" name="f" duration-ms="8158" started-at="2016-10-27T11:24:02Z" finished-at="2016-10-27T11:24:10Z">
          <reporter-output>
          </reporter-output>
        </test-method> <!-- f -->
        <test-method status="PASS" signature="afterTest()[pri:0, instance:com.test.NewTest@ba4d54]" name="afterTest" is-config="true" duration-ms="0" started-at="2016-10-27T11:24:10Z" finished-at="2016-10-27T11:24:10Z">
          <reporter-output>
          </reporter-output>
        </test-method> <!-- afterTest -->
      </class> <!-- com.test.NewTest -->
    </test> <!-- test1 -->
    <test name="test3" duration-ms="14606" started-at="2016-10-27T03:24:00Z" finished-at="2016-10-27T03:24:15Z">
      <class name="com.test.NewTest">
        <test-method status="PASS" signature="setUp(java.lang.String, java.lang.String)[pri:0, instance:com.test.NewTest@61443d8f]" name="setUp" is-config="true" duration-ms="3890" started-at="2016-10-27T11:24:00Z" finished-at="2016-10-27T11:24:04Z">
          <params>
            <param index="0">
              <value>
                <![CDATA[ie]]>
              </value>
            </param>
            <param index="1">
              <value>
                <![CDATA[http://192.168.2.106:6666]]>
              </value>
            </param>
          </params>
          <reporter-output>
          </reporter-output>
        </test-method> <!-- setUp -->
        <test-method status="PASS" signature="f()[pri:0, instance:com.test.NewTest@61443d8f]" name="f" duration-ms="10709" started-at="2016-10-27T11:24:04Z" finished-at="2016-10-27T11:24:15Z">
          <reporter-output>
          </reporter-output>
        </test-method> <!-- f -->
        <test-method status="PASS" signature="afterTest()[pri:0, instance:com.test.NewTest@61443d8f]" name="afterTest" is-config="true" duration-ms="0" started-at="2016-10-27T11:24:15Z" finished-at="2016-10-27T11:24:15Z">
          <reporter-output>
          </reporter-output>
        </test-method> <!-- afterTest -->
      </class> <!-- com.test.NewTest -->
    </test> <!-- test3 -->
    <test name="test2" duration-ms="14724" started-at="2016-10-27T03:24:00Z" finished-at="2016-10-27T03:24:15Z">
      <class name="com.test.NewTest">
        <test-method status="PASS" signature="setUp(java.lang.String, java.lang.String)[pri:0, instance:com.test.NewTest@71f2a7d5]" name="setUp" is-config="true" duration-ms="3976" started-at="2016-10-27T11:24:00Z" finished-at="2016-10-27T11:24:04Z">
          <params>
            <param index="0">
              <value>
                <![CDATA[ie]]>
              </value>
            </param>
            <param index="1">
              <value>
                <![CDATA[http://192.168.2.106:6666]]>
              </value>
            </param>
          </params>
          <reporter-output>
          </reporter-output>
        </test-method> <!-- setUp -->
        <test-method status="PASS" signature="f()[pri:0, instance:com.test.NewTest@71f2a7d5]" name="f" duration-ms="10741" started-at="2016-10-27T11:24:04Z" finished-at="2016-10-27T11:24:15Z">
          <reporter-output>
          </reporter-output>
        </test-method> <!-- f -->
        <test-method status="PASS" signature="afterTest()[pri:0, instance:com.test.NewTest@71f2a7d5]" name="afterTest" is-config="true" duration-ms="1" started-at="2016-10-27T11:24:15Z" finished-at="2016-10-27T11:24:15Z">
          <reporter-output>
          </reporter-output>
        </test-method> <!-- afterTest -->
      </class> <!-- com.test.NewTest -->
    </test> <!-- test2 -->
  </suite> <!-- Suite1 -->
</testng-results>
